Replace Part B1 B82720A2601N040 in C:\Users\muco\Desktop\Hardware\Altium\ESC\ESC\Sheet1.SchDoc with B82720A2601N040 from MyAltLib.SchLib
Replace Part C1 Capacitor in C:\Users\muco\Desktop\Hardware\Altium\ESC\ESC\Sheet1.SchDoc with Capacitor from Celestial Altium Library - altium_library.DbLib
Replace Part C2 Capacitor in C:\Users\muco\Desktop\Hardware\Altium\ESC\ESC\Sheet1.SchDoc with Capacitor from Celestial Altium Library - altium_library.DbLib
Replace Part C3 Capacitor in C:\Users\muco\Desktop\Hardware\Altium\ESC\ESC\Sheet1.SchDoc with Capacitor from Celestial Altium Library - altium_library.DbLib
Replace Part C4 Polarised Capacitor in C:\Users\muco\Desktop\Hardware\Altium\ESC\ESC\Sheet1.SchDoc with Polarised Capacitor from Celestial Altium Library - altium_library.DbLib
Replace Part C5 Polarised Capacitor in C:\Users\muco\Desktop\Hardware\Altium\ESC\ESC\Sheet1.SchDoc with Polarised Capacitor from Celestial Altium Library - altium_library.DbLib
Replace Part C6 Capacitor in C:\Users\muco\Desktop\Hardware\Altium\ESC\ESC\Sheet1.SchDoc with Capacitor from Celestial Altium Library - altium_library.DbLib
Replace Part C7 Capacitor in C:\Users\muco\Desktop\Hardware\Altium\ESC\ESC\Sheet1.SchDoc with Capacitor from Celestial Altium Library - altium_library.DbLib
Replace Part C8 Capacitor in C:\Users\muco\Desktop\Hardware\Altium\ESC\ESC\Sheet1.SchDoc with Capacitor from Celestial Altium Library - altium_library.DbLib
Replace Part C9 Capacitor in C:\Users\muco\Desktop\Hardware\Altium\ESC\ESC\Sheet1.SchDoc with Capacitor from Celestial Altium Library - altium_library.DbLib
Replace Part C10 Capacitor in C:\Users\muco\Desktop\Hardware\Altium\ESC\ESC\Sheet1.SchDoc with Capacitor from Celestial Altium Library - altium_library.DbLib
Replace Part C11 Capacitor in C:\Users\muco\Desktop\Hardware\Altium\ESC\ESC\Sheet1.SchDoc with Capacitor from Celestial Altium Library - altium_library.DbLib
Replace Part C12 Capacitor in C:\Users\muco\Desktop\Hardware\Altium\ESC\ESC\Sheet1.SchDoc with Capacitor from Celestial Altium Library - altium_library.DbLib
Replace Part C13 Capacitor in C:\Users\muco\Desktop\Hardware\Altium\ESC\ESC\Sheet1.SchDoc with Capacitor from Celestial Altium Library - altium_library.DbLib
Replace Part C14 Polarised Capacitor in C:\Users\muco\Desktop\Hardware\Altium\ESC\ESC\Sheet1.SchDoc with Polarised Capacitor from Celestial Altium Library - altium_library.DbLib
Replace Part C15 Capacitor in C:\Users\muco\Desktop\Hardware\Altium\ESC\ESC\Sheet1.SchDoc with Capacitor from Celestial Altium Library - altium_library.DbLib
Replace Part C16 Capacitor in C:\Users\muco\Desktop\Hardware\Altium\ESC\ESC\Sheet1.SchDoc with Capacitor from Celestial Altium Library - altium_library.DbLib
Replace Part C17 Capacitor in C:\Users\muco\Desktop\Hardware\Altium\ESC\ESC\Sheet1.SchDoc with Capacitor from Celestial Altium Library - altium_library.DbLib
Replace Part C18 Capacitor in C:\Users\muco\Desktop\Hardware\Altium\ESC\ESC\Sheet1.SchDoc with Capacitor from Celestial Altium Library - altium_library.DbLib
Replace Part C19 Capacitor in C:\Users\muco\Desktop\Hardware\Altium\ESC\ESC\Sheet1.SchDoc with Capacitor from Celestial Altium Library - altium_library.DbLib
Replace Part C20 Capacitor in C:\Users\muco\Desktop\Hardware\Altium\ESC\ESC\Sheet1.SchDoc with Capacitor from Celestial Altium Library - altium_library.DbLib
Replace Part C21 Capacitor in C:\Users\muco\Desktop\Hardware\Altium\ESC\ESC\Sheet1.SchDoc with Capacitor from Celestial Altium Library - altium_library.DbLib
Replace Part C22 Capacitor in C:\Users\muco\Desktop\Hardware\Altium\ESC\ESC\Sheet1.SchDoc with Capacitor from Celestial Altium Library - altium_library.DbLib
Replace Part C23 Polarised Capacitor in C:\Users\muco\Desktop\Hardware\Altium\ESC\ESC\Sheet1.SchDoc with Polarised Capacitor from Celestial Altium Library - altium_library.DbLib
Replace Part C24 Capacitor in C:\Users\muco\Desktop\Hardware\Altium\ESC\ESC\Sheet1.SchDoc with Capacitor from Celestial Altium Library - altium_library.DbLib
Replace Part C25 Capacitor in C:\Users\muco\Desktop\Hardware\Altium\ESC\ESC\Sheet1.SchDoc with Capacitor from Celestial Altium Library - altium_library.DbLib
Replace Part C26 Capacitor in C:\Users\muco\Desktop\Hardware\Altium\ESC\ESC\Sheet1.SchDoc with Capacitor from Celestial Altium Library - altium_library.DbLib
Replace Part C27 Capacitor in C:\Users\muco\Desktop\Hardware\Altium\ESC\ESC\Sheet1.SchDoc with Capacitor from Celestial Altium Library - altium_library.DbLib
Replace Part C28 Capacitor in C:\Users\muco\Desktop\Hardware\Altium\ESC\ESC\Sheet1.SchDoc with Capacitor from Celestial Altium Library - altium_library.DbLib
Replace Part C29 Capacitor in C:\Users\muco\Desktop\Hardware\Altium\ESC\ESC\Sheet1.SchDoc with Capacitor from Celestial Altium Library - altium_library.DbLib
Replace Part C30 Capacitor in C:\Users\muco\Desktop\Hardware\Altium\ESC\ESC\Sheet1.SchDoc with Capacitor from Celestial Altium Library - altium_library.DbLib
Replace Part C31 Capacitor in C:\Users\muco\Desktop\Hardware\Altium\ESC\ESC\Sheet1.SchDoc with Capacitor from Celestial Altium Library - altium_library.DbLib
Replace Part C32 Capacitor in C:\Users\muco\Desktop\Hardware\Altium\ESC\ESC\Sheet1.SchDoc with Capacitor from Celestial Altium Library - altium_library.DbLib
Replace Part C33 Capacitor in C:\Users\muco\Desktop\Hardware\Altium\ESC\ESC\Sheet1.SchDoc with Capacitor from Celestial Altium Library - altium_library.DbLib
Replace Part D1 Diode in C:\Users\muco\Desktop\Hardware\Altium\ESC\ESC\Sheet1.SchDoc with Diode from Celestial Altium Library - altium_library.DbLib
Replace Part D2 Diode in C:\Users\muco\Desktop\Hardware\Altium\ESC\ESC\Sheet1.SchDoc with Diode from Celestial Altium Library - altium_library.DbLib
Replace Part D3 Diode in C:\Users\muco\Desktop\Hardware\Altium\ESC\ESC\Sheet1.SchDoc with Diode from Celestial Altium Library - altium_library.DbLib
Replace Part D4 Diode in C:\Users\muco\Desktop\Hardware\Altium\ESC\ESC\Sheet1.SchDoc with Diode from Celestial Altium Library - altium_library.DbLib
Replace Part D5 Diode in C:\Users\muco\Desktop\Hardware\Altium\ESC\ESC\Sheet1.SchDoc with Diode from Celestial Altium Library - altium_library.DbLib
Replace Part J1 2 Pin in C:\Users\muco\Desktop\Hardware\Altium\ESC\ESC\Sheet1.SchDoc with 2 Pin from Celestial Altium Library - altium_library.DbLib
Replace Part J2 3 Pin in C:\Users\muco\Desktop\Hardware\Altium\ESC\ESC\Sheet1.SchDoc with 3 Pin from Celestial Altium Library - altium_library.DbLib
Replace Part J3 4 Pin in C:\Users\muco\Desktop\Hardware\Altium\ESC\ESC\Sheet1.SchDoc with 4 Pin from Celestial Altium Library - altium_library.DbLib
Replace Part J4 2 Pin in C:\Users\muco\Desktop\Hardware\Altium\ESC\ESC\Sheet1.SchDoc with 2 Pin from Celestial Altium Library - altium_library.DbLib
Replace Part J5 6 Pin in C:\Users\muco\Desktop\Hardware\Altium\ESC\ESC\Sheet1.SchDoc with 6 Pin from Celestial Altium Library - altium_library.DbLib
Replace Part J6 8 Pin in C:\Users\muco\Desktop\Hardware\Altium\ESC\ESC\Sheet1.SchDoc with 8 Pin from Celestial Altium Library - altium_library.DbLib
Replace Part L1 LPS3015-223MRC in C:\Users\muco\Desktop\Hardware\Altium\ESC\ESC\Sheet1.SchDoc with LPS3015-223MRC from MyAltLib.SchLib
Replace Part Q IRF3205SPBF in C:\Users\muco\Desktop\Hardware\Altium\ESC\ESC\Sheet1.SchDoc with IRF3205SPBF from MyAltLib.SchLib
Replace Part Q1 IRF3205SPBF in C:\Users\muco\Desktop\Hardware\Altium\ESC\ESC\Sheet1.SchDoc with IRF3205SPBF from MyAltLib.SchLib
Replace Part Q2 IRF3205SPBF in C:\Users\muco\Desktop\Hardware\Altium\ESC\ESC\Sheet1.SchDoc with IRF3205SPBF from MyAltLib.SchLib
Replace Part Q3 IRF3205SPBF in C:\Users\muco\Desktop\Hardware\Altium\ESC\ESC\Sheet1.SchDoc with IRF3205SPBF from MyAltLib.SchLib
Replace Part Q4 IRF3205SPBF in C:\Users\muco\Desktop\Hardware\Altium\ESC\ESC\Sheet1.SchDoc with IRF3205SPBF from MyAltLib.SchLib
Replace Part Q5 IRF3205SPBF in C:\Users\muco\Desktop\Hardware\Altium\ESC\ESC\Sheet1.SchDoc with IRF3205SPBF from MyAltLib.SchLib
Replace Part R1 Resistor in C:\Users\muco\Desktop\Hardware\Altium\ESC\ESC\Sheet1.SchDoc with Resistor from Celestial Altium Library - altium_library.DbLib
Replace Part R2 Resistor in C:\Users\muco\Desktop\Hardware\Altium\ESC\ESC\Sheet1.SchDoc with Resistor from Celestial Altium Library - altium_library.DbLib
Replace Part R3 Resistor in C:\Users\muco\Desktop\Hardware\Altium\ESC\ESC\Sheet1.SchDoc with Resistor from Celestial Altium Library - altium_library.DbLib
Replace Part R4 Resistor in C:\Users\muco\Desktop\Hardware\Altium\ESC\ESC\Sheet1.SchDoc with Resistor from Celestial Altium Library - altium_library.DbLib
Replace Part R5 Resistor in C:\Users\muco\Desktop\Hardware\Altium\ESC\ESC\Sheet1.SchDoc with Resistor from Celestial Altium Library - altium_library.DbLib
Replace Part R6 Resistor in C:\Users\muco\Desktop\Hardware\Altium\ESC\ESC\Sheet1.SchDoc with Resistor from Celestial Altium Library - altium_library.DbLib
Replace Part R7 Resistor in C:\Users\muco\Desktop\Hardware\Altium\ESC\ESC\Sheet1.SchDoc with Resistor from Celestial Altium Library - altium_library.DbLib
Replace Part R8 Resistor in C:\Users\muco\Desktop\Hardware\Altium\ESC\ESC\Sheet1.SchDoc with Resistor from Celestial Altium Library - altium_library.DbLib
Replace Part R9 Resistor in C:\Users\muco\Desktop\Hardware\Altium\ESC\ESC\Sheet1.SchDoc with Resistor from Celestial Altium Library - altium_library.DbLib
Replace Part R10 Resistor in C:\Users\muco\Desktop\Hardware\Altium\ESC\ESC\Sheet1.SchDoc with Resistor from Celestial Altium Library - altium_library.DbLib
Replace Part R11 Resistor in C:\Users\muco\Desktop\Hardware\Altium\ESC\ESC\Sheet1.SchDoc with Resistor from Celestial Altium Library - altium_library.DbLib
Replace Part R12 Resistor in C:\Users\muco\Desktop\Hardware\Altium\ESC\ESC\Sheet1.SchDoc with Resistor from Celestial Altium Library - altium_library.DbLib
Replace Part R13 Resistor in C:\Users\muco\Desktop\Hardware\Altium\ESC\ESC\Sheet1.SchDoc with Resistor from Celestial Altium Library - altium_library.DbLib
Replace Part R14 Resistor in C:\Users\muco\Desktop\Hardware\Altium\ESC\ESC\Sheet1.SchDoc with Resistor from Celestial Altium Library - altium_library.DbLib
Replace Part R15 Resistor in C:\Users\muco\Desktop\Hardware\Altium\ESC\ESC\Sheet1.SchDoc with Resistor from Celestial Altium Library - altium_library.DbLib
Replace Part R16 Resistor in C:\Users\muco\Desktop\Hardware\Altium\ESC\ESC\Sheet1.SchDoc with Resistor from Celestial Altium Library - altium_library.DbLib
Replace Part R17 Resistor in C:\Users\muco\Desktop\Hardware\Altium\ESC\ESC\Sheet1.SchDoc with Resistor from Celestial Altium Library - altium_library.DbLib
Replace Part R18 Resistor in C:\Users\muco\Desktop\Hardware\Altium\ESC\ESC\Sheet1.SchDoc with Resistor from Celestial Altium Library - altium_library.DbLib
Replace Part R19 Resistor in C:\Users\muco\Desktop\Hardware\Altium\ESC\ESC\Sheet1.SchDoc with Resistor from Celestial Altium Library - altium_library.DbLib
Replace Part R20 Resistor in C:\Users\muco\Desktop\Hardware\Altium\ESC\ESC\Sheet1.SchDoc with Resistor from Celestial Altium Library - altium_library.DbLib
Replace Part R21 Resistor in C:\Users\muco\Desktop\Hardware\Altium\ESC\ESC\Sheet1.SchDoc with Resistor from Celestial Altium Library - altium_library.DbLib
Replace Part R22 Resistor in C:\Users\muco\Desktop\Hardware\Altium\ESC\ESC\Sheet1.SchDoc with Resistor from Celestial Altium Library - altium_library.DbLib
Replace Part R23 Resistor in C:\Users\muco\Desktop\Hardware\Altium\ESC\ESC\Sheet1.SchDoc with Resistor from Celestial Altium Library - altium_library.DbLib
Replace Part R24 Resistor in C:\Users\muco\Desktop\Hardware\Altium\ESC\ESC\Sheet1.SchDoc with Resistor from Celestial Altium Library - altium_library.DbLib
Replace Part R25 Resistor in C:\Users\muco\Desktop\Hardware\Altium\ESC\ESC\Sheet1.SchDoc with Resistor from Celestial Altium Library - altium_library.DbLib
Replace Part R26 Resistor in C:\Users\muco\Desktop\Hardware\Altium\ESC\ESC\Sheet1.SchDoc with Resistor from Celestial Altium Library - altium_library.DbLib
Replace Part R27 Resistor in C:\Users\muco\Desktop\Hardware\Altium\ESC\ESC\Sheet1.SchDoc with Resistor from Celestial Altium Library - altium_library.DbLib
Replace Part U1 DRV8301DCAR in C:\Users\muco\Desktop\Hardware\Altium\ESC\ESC\Sheet1.SchDoc with DRV8301DCAR from MyAltLib.SchLib
